<?xml version="1.0" encoding="UTF-8"?>
<testsuite name="TestSuite" time="0.566" tests="31" errors="0" skipped="0" failures="0">
  <properties>
    <property name="java.runtime.name" value="Java(TM) SE Runtime Environment"/>
    <property name="sun.boot.library.path" value="/Library/Java/JavaVirtualMachines/jdk1.8.0_152.jdk/Contents/Home/jre/lib"/>
    <property name="java.vm.version" value="25.152-b16"/>
    <property name="gopherProxySet" value="false"/>
    <property name="java.vm.vendor" value="Oracle Corporation"/>
    <property name="maven.multiModuleProjectDirectory" value="/Users/monika/eclipse-workspace/calculator-monikas"/>
    <property name="java.vendor.url" value="http://java.oracle.com/"/>
    <property name="path.separator" value=":"/>
    <property name="guice.disable.misplaced.annotation.check" value="true"/>
    <property name="java.vm.name" value="Java HotSpot(TM) 64-Bit Server VM"/>
    <property name="file.encoding.pkg" value="sun.io"/>
    <property name="user.country" value="SE"/>
    <property name="sun.java.launcher" value="SUN_STANDARD"/>
    <property name="sun.os.patch.level" value="unknown"/>
    <property name="java.vm.specification.name" value="Java Virtual Machine Specification"/>
    <property name="user.dir" value="/Users/monika/eclipse-workspace/calculator-monikas"/>
    <property name="java.runtime.version" value="1.8.0_152-b16"/>
    <property name="java.awt.graphicsenv" value="sun.awt.CGraphicsEnvironment"/>
    <property name="java.endorsed.dirs" value="/Library/Java/JavaVirtualMachines/jdk1.8.0_152.jdk/Contents/Home/jre/lib/endorsed"/>
    <property name="os.arch" value="x86_64"/>
    <property name="java.io.tmpdir" value="/var/folders/ks/xv7jpmk9613f76cg38s_mmgr0000gn/T/"/>
    <property name="line.separator" value="&#10;"/>
    <property name="java.vm.specification.vendor" value="Oracle Corporation"/>
    <property name="os.name" value="Mac OS X"/>
    <property name="classworlds.conf" value="/usr/local/apache-maven-3.5.2/bin/m2.conf"/>
    <property name="sun.jnu.encoding" value="UTF-8"/>
    <property name="java.library.path" value="/Users/monika/Library/Java/Extensions:/Library/Java/Extensions:/Network/Library/Java/Extensions:/System/Library/Java/Extensions:/usr/lib/java:."/>
    <property name="maven.conf" value="/usr/local/apache-maven-3.5.2/conf"/>
    <property name="java.specification.name" value="Java Platform API Specification"/>
    <property name="java.class.version" value="52.0"/>
    <property name="sun.management.compiler" value="HotSpot 64-Bit Tiered Compilers"/>
    <property name="os.version" value="10.13.1"/>
    <property name="library.jansi.path" value="/usr/local/apache-maven-3.5.2/lib/jansi-native"/>
    <property name="http.nonProxyHosts" value="local|*.local|169.254/16|*.169.254/16"/>
    <property name="user.home" value="/Users/monika"/>
    <property name="user.timezone" value="Europe/Stockholm"/>
    <property name="java.awt.printerjob" value="sun.lwawt.macosx.CPrinterJob"/>
    <property name="java.specification.version" value="1.8"/>
    <property name="file.encoding" value="US-ASCII"/>
    <property name="user.name" value="monika"/>
    <property name="java.class.path" value="/usr/local/apache-maven-3.5.2/boot/plexus-classworlds-2.5.2.jar"/>
    <property name="java.vm.specification.version" value="1.8"/>
    <property name="sun.arch.data.model" value="64"/>
    <property name="java.home" value="/Library/Java/JavaVirtualMachines/jdk1.8.0_152.jdk/Contents/Home/jre"/>
    <property name="sun.java.command" value="org.codehaus.plexus.classworlds.launcher.Launcher -e dependency:purge-local-repository clean install"/>
    <property name="java.specification.vendor" value="Oracle Corporation"/>
    <property name="user.language" value="en"/>
    <property name="awt.toolkit" value="sun.lwawt.macosx.LWCToolkit"/>
    <property name="java.vm.info" value="mixed mode"/>
    <property name="java.version" value="1.8.0_152"/>
    <property name="java.ext.dirs" value="/Users/monika/Library/Java/Extensions:/Library/Java/JavaVirtualMachines/jdk1.8.0_152.jdk/Contents/Home/jre/lib/ext:/Library/Java/Extensions:/Network/Library/Java/Extensions:/System/Library/Java/Extensions:/usr/lib/java"/>
    <property name="sun.boot.class.path" value="/Library/Java/JavaVirtualMachines/jdk1.8.0_152.jdk/Contents/Home/jre/lib/resources.jar:/Library/Java/JavaVirtualMachines/jdk1.8.0_152.jdk/Contents/Home/jre/lib/rt.jar:/Library/Java/JavaVirtualMachines/jdk1.8.0_152.jdk/Contents/Home/jre/lib/sunrsasign.jar:/Library/Java/JavaVirtualMachines/jdk1.8.0_152.jdk/Contents/Home/jre/lib/jsse.jar:/Library/Java/JavaVirtualMachines/jdk1.8.0_152.jdk/Contents/Home/jre/lib/jce.jar:/Library/Java/JavaVirtualMachines/jdk1.8.0_152.jdk/Contents/Home/jre/lib/charsets.jar:/Library/Java/JavaVirtualMachines/jdk1.8.0_152.jdk/Contents/Home/jre/lib/jfr.jar:/Library/Java/JavaVirtualMachines/jdk1.8.0_152.jdk/Contents/Home/jre/classes"/>
    <property name="java.vendor" value="Oracle Corporation"/>
    <property name="maven.home" value="/usr/local/apache-maven-3.5.2"/>
    <property name="file.separator" value="/"/>
    <property name="java.vendor.url.bug" value="http://bugreport.sun.com/bugreport/"/>
    <property name="sun.cpu.endian" value="little"/>
    <property name="sun.io.unicode.encoding" value="UnicodeBig"/>
    <property name="socksNonProxyHosts" value="local|*.local|169.254/16|*.169.254/16"/>
    <property name="ftp.nonProxyHosts" value="local|*.local|169.254/16|*.169.254/16"/>
    <property name="sun.cpu.isalist" value=""/>
  </properties>
  <testcase name="testDivideZeros on testDivideZeros(com.project.maven.calculator_monikas.CalculatorBasicTest)" classname="com.project.maven.calculator_monikas.CalculatorBasicTest" time="0.105"/>
  <testcase name="testMultiplyPositiveNumbers on testMultiplyPositiveNumbers(com.project.maven.calculator_monikas.CalculatorBasicTest)" classname="com.project.maven.calculator_monikas.CalculatorBasicTest" time="0.031"/>
  <testcase name="testMultiplyNegativeNumbers on testMultiplyNegativeNumbers(com.project.maven.calculator_monikas.CalculatorBasicTest)" classname="com.project.maven.calculator_monikas.CalculatorBasicTest" time="0.045"/>
  <testcase name="testAddZeros on testAddZeros(com.project.maven.calculator_monikas.CalculatorBasicTest)" classname="com.project.maven.calculator_monikas.CalculatorBasicTest" time="0.086"/>
  <testcase name="testAddPositiveNumbers on testAddPositiveNumbers(com.project.maven.calculator_monikas.CalculatorBasicTest)" classname="com.project.maven.calculator_monikas.CalculatorBasicTest" time="0.013"/>
  <testcase name="testAddNegativeNumbers on testAddNegativeNumbers(com.project.maven.calculator_monikas.CalculatorBasicTest)" classname="com.project.maven.calculator_monikas.CalculatorBasicTest" time="0.017"/>
  <testcase name="testDividePositiveNumbers on testDividePositiveNumbers(com.project.maven.calculator_monikas.CalculatorBasicTest)" classname="com.project.maven.calculator_monikas.CalculatorBasicTest" time="0.019"/>
  <testcase name="testDivisionNegativeNumbers on testDivisionNegativeNumbers(com.project.maven.calculator_monikas.CalculatorBasicTest)" classname="com.project.maven.calculator_monikas.CalculatorBasicTest" time="0.011"/>
  <testcase name="testSubtractPositiveNumbers on testSubtractPositiveNumbers(com.project.maven.calculator_monikas.CalculatorBasicTest)" classname="com.project.maven.calculator_monikas.CalculatorBasicTest" time="0.018"/>
  <testcase name="testSubtractNegativeNumbers on testSubtractNegativeNumbers(com.project.maven.calculator_monikas.CalculatorBasicTest)" classname="com.project.maven.calculator_monikas.CalculatorBasicTest" time="0.021"/>
  <testcase name="testMultiplyZeros on testMultiplyZeros(com.project.maven.calculator_monikas.CalculatorBasicTest)" classname="com.project.maven.calculator_monikas.CalculatorBasicTest" time="0.018"/>
  <testcase name="testSubtractZeros on testSubtractZeros(com.project.maven.calculator_monikas.CalculatorBasicTest)" classname="com.project.maven.calculator_monikas.CalculatorBasicTest" time="0.042"/>
  <testcase name="testDivideZeros on testDivideZeros(com.project.maven.calculator_monikas.CalculatorAdvancedTest)" classname="com.project.maven.calculator_monikas.CalculatorAdvancedTest" time="0"/>
  <testcase name="testSquareRootPositiveNumbers on testSquareRootPositiveNumbers(com.project.maven.calculator_monikas.CalculatorAdvancedTest)" classname="com.project.maven.calculator_monikas.CalculatorAdvancedTest" time="0.011"/>
  <testcase name="testAbsoluteValueWithZero on testAbsoluteValueWithZero(com.project.maven.calculator_monikas.CalculatorAdvancedTest)" classname="com.project.maven.calculator_monikas.CalculatorAdvancedTest" time="0.008"/>
  <testcase name="testSquareRootNegativeNumbers on testSquareRootNegativeNumbers(com.project.maven.calculator_monikas.CalculatorAdvancedTest)" classname="com.project.maven.calculator_monikas.CalculatorAdvancedTest" time="0.008"/>
  <testcase name="testSquareRooWithZero on testSquareRooWithZero(com.project.maven.calculator_monikas.CalculatorAdvancedTest)" classname="com.project.maven.calculator_monikas.CalculatorAdvancedTest" time="0.005"/>
  <testcase name="testCubeRootPositiveNumbers on testCubeRootPositiveNumbers(com.project.maven.calculator_monikas.CalculatorAdvancedTest)" classname="com.project.maven.calculator_monikas.CalculatorAdvancedTest" time="0.006"/>
  <testcase name="testRaisedToPowerOf3WithZero on testRaisedToPowerOf3WithZero(com.project.maven.calculator_monikas.CalculatorAdvancedTest)" classname="com.project.maven.calculator_monikas.CalculatorAdvancedTest" time="0.009"/>
  <testcase name="testCubeRootNegativeNumbers on testCubeRootNegativeNumbers(com.project.maven.calculator_monikas.CalculatorAdvancedTest)" classname="com.project.maven.calculator_monikas.CalculatorAdvancedTest" time="0.007"/>
  <testcase name="testCubeRooWithZero on testCubeRooWithZero(com.project.maven.calculator_monikas.CalculatorAdvancedTest)" classname="com.project.maven.calculator_monikas.CalculatorAdvancedTest" time="0.009"/>
  <testcase name="testAbsoluteValuePositiveNumbers on testAbsoluteValuePositiveNumbers(com.project.maven.calculator_monikas.CalculatorAdvancedTest)" classname="com.project.maven.calculator_monikas.CalculatorAdvancedTest" time="0.01"/>
  <testcase name="testRandomValuePositiveNumbers on testRandomValuePositiveNumbers(com.project.maven.calculator_monikas.CalculatorAdvancedTest)" classname="com.project.maven.calculator_monikas.CalculatorAdvancedTest" time="0.007"/>
  <testcase name="testAbsoluteValueNegativeNumbers on testAbsoluteValueNegativeNumbers(com.project.maven.calculator_monikas.CalculatorAdvancedTest)" classname="com.project.maven.calculator_monikas.CalculatorAdvancedTest" time="0.012"/>
  <testcase name="test1DividedByPositiveNumbers on test1DividedByPositiveNumbers(com.project.maven.calculator_monikas.CalculatorAdvancedTest)" classname="com.project.maven.calculator_monikas.CalculatorAdvancedTest" time="0.007"/>
  <testcase name="test1DividedByNegativeNumbers on test1DividedByNegativeNumbers(com.project.maven.calculator_monikas.CalculatorAdvancedTest)" classname="com.project.maven.calculator_monikas.CalculatorAdvancedTest" time="0.006"/>
  <testcase name="testRaisedToPowerOf3PositiveNumbers on testRaisedToPowerOf3PositiveNumbers(com.project.maven.calculator_monikas.CalculatorAdvancedTest)" classname="com.project.maven.calculator_monikas.CalculatorAdvancedTest" time="0.009"/>
  <testcase name="testRaisedToPowerOf2WithZero on testRaisedToPowerOf2WithZero(com.project.maven.calculator_monikas.CalculatorAdvancedTest)" classname="com.project.maven.calculator_monikas.CalculatorAdvancedTest" time="0.005"/>
  <testcase name="testRaisedToPowerOf3NegativeNumbers on testRaisedToPowerOf3NegativeNumbers(com.project.maven.calculator_monikas.CalculatorAdvancedTest)" classname="com.project.maven.calculator_monikas.CalculatorAdvancedTest" time="0.002"/>
  <testcase name="testRaisedToPowerOf2PositiveNumbers on testRaisedToPowerOf2PositiveNumbers(com.project.maven.calculator_monikas.CalculatorAdvancedTest)" classname="com.project.maven.calculator_monikas.CalculatorAdvancedTest" time="0.006"/>
  <testcase name="testRaisedToPowerOf2NegativeNumbers on testRaisedToPowerOf2NegativeNumbers(com.project.maven.calculator_monikas.CalculatorAdvancedTest)" classname="com.project.maven.calculator_monikas.CalculatorAdvancedTest" time="0.013"/>
</testsuite>