<?xml version="1.0" encoding="UTF-8"?>
<!-- Generated by org.testng.reporters.JUnitReportReporter -->
<testsuite hostname="Monikas-MacBook-Pro.local" name="com.project.maven.calculator_monikas.CalculatorBasicTest" tests="12" failures="0" timestamp="17 Dec 2017 23:14:07 GMT" time="0.278" errors="0">
  <testcase name="testMultiplyNegativeNumbers" time="0.033" classname="com.project.maven.calculator_monikas.CalculatorBasicTest"/>
  <testcase name="testSubtractZeros" time="0.015" classname="com.project.maven.calculator_monikas.CalculatorBasicTest"/>
  <testcase name="testDivideZeros" time="0.025" classname="com.project.maven.calculator_monikas.CalculatorBasicTest"/>
  <testcase name="testAddNegativeNumbers" time="0.009" classname="com.project.maven.calculator_monikas.CalculatorBasicTest"/>
  <testcase name="testAddZeros" time="0.043" classname="com.project.maven.calculator_monikas.CalculatorBasicTest"/>
  <testcase name="testSubtractPositiveNumbers" time="0.035" classname="com.project.maven.calculator_monikas.CalculatorBasicTest"/>
  <testcase name="testDivisionNegativeNumbers" time="0.009" classname="com.project.maven.calculator_monikas.CalculatorBasicTest"/>
  <testcase name="testDividePositiveNumbers" time="0.031" classname="com.project.maven.calculator_monikas.CalculatorBasicTest"/>
  <testcase name="testAddPositiveNumbers" time="0.011" classname="com.project.maven.calculator_monikas.CalculatorBasicTest"/>
  <testcase name="testMultiplyPositiveNumbers" time="0.022" classname="com.project.maven.calculator_monikas.CalculatorBasicTest"/>
  <testcase name="testSubtractNegativeNumbers" time="0.014" classname="com.project.maven.calculator_monikas.CalculatorBasicTest"/>
  <testcase name="testMultiplyZeros" time="0.031" classname="com.project.maven.calculator_monikas.CalculatorBasicTest"/>
</testsuite> <!-- com.project.maven.calculator_monikas.CalculatorBasicTest -->
