<?xml version="1.0" encoding="UTF-8"?>
<!-- Generated by org.testng.reporters.JUnitReportReporter -->
<testsuite hostname="Monikas-MacBook-Pro.local" name="com.project.maven.calculator_monikas.CalculatorBasicTest" tests="12" failures="0" timestamp="18 Dec 2017 17:48:43 GMT" time="0.430" errors="0">
  <testcase name="testMultiplyPositiveNumbers" time="0.032" classname="com.project.maven.calculator_monikas.CalculatorBasicTest"/>
  <testcase name="testSubtractZeros" time="0.043" classname="com.project.maven.calculator_monikas.CalculatorBasicTest"/>
  <testcase name="testMultiplyNegativeNumbers" time="0.045" classname="com.project.maven.calculator_monikas.CalculatorBasicTest"/>
  <testcase name="testMultiplyZeros" time="0.019" classname="com.project.maven.calculator_monikas.CalculatorBasicTest"/>
  <testcase name="testAddNegativeNumbers" time="0.022" classname="com.project.maven.calculator_monikas.CalculatorBasicTest"/>
  <testcase name="testDivisionNegativeNumbers" time="0.012" classname="com.project.maven.calculator_monikas.CalculatorBasicTest"/>
  <testcase name="testDividePositiveNumbers" time="0.018" classname="com.project.maven.calculator_monikas.CalculatorBasicTest"/>
  <testcase name="testDivideZeros" time="0.108" classname="com.project.maven.calculator_monikas.CalculatorBasicTest"/>
  <testcase name="testAddPositiveNumbers" time="0.009" classname="com.project.maven.calculator_monikas.CalculatorBasicTest"/>
  <testcase name="testSubtractPositiveNumbers" time="0.018" classname="com.project.maven.calculator_monikas.CalculatorBasicTest"/>
  <testcase name="testAddZeros" time="0.083" classname="com.project.maven.calculator_monikas.CalculatorBasicTest"/>
  <testcase name="testSubtractNegativeNumbers" time="0.021" classname="com.project.maven.calculator_monikas.CalculatorBasicTest"/>
</testsuite> <!-- com.project.maven.calculator_monikas.CalculatorBasicTest -->
