<?xml version="1.0" encoding="UTF-8"?>
<!-- Generated by org.testng.reporters.JUnitReportReporter -->
<testsuite hostname="Monikas-MacBook-Pro.local" name="com.project.maven.calculator_monikas.CalculatorAdvancedTest" tests="18" failures="0" timestamp="17 Dec 2017 23:14:07 GMT" time="0.482" errors="0">
  <testcase name="testSquareRootNegativeNumbers" time="0.053" classname="com.project.maven.calculator_monikas.CalculatorAdvancedTest"/>
  <testcase name="testDivideZeros" time="0.017" classname="com.project.maven.calculator_monikas.CalculatorAdvancedTest"/>
  <testcase name="testSquareRooWithZero" time="0.036" classname="com.project.maven.calculator_monikas.CalculatorAdvancedTest"/>
  <testcase name="testRaisedToPowerOf2PositiveNumbers" time="0.013" classname="com.project.maven.calculator_monikas.CalculatorAdvancedTest"/>
  <testcase name="testRaisedToPowerOf3WithZero" time="0.044" classname="com.project.maven.calculator_monikas.CalculatorAdvancedTest"/>
  <testcase name="testRaisedToPowerOf3NegativeNumbers" time="0.011" classname="com.project.maven.calculator_monikas.CalculatorAdvancedTest"/>
  <testcase name="testCubeRootNegativeNumbers" time="0.033" classname="com.project.maven.calculator_monikas.CalculatorAdvancedTest"/>
  <testcase name="testAbsoluteValueNegativeNumbers" time="0.020" classname="com.project.maven.calculator_monikas.CalculatorAdvancedTest"/>
  <testcase name="test1DividedByPositiveNumbers" time="0.031" classname="com.project.maven.calculator_monikas.CalculatorAdvancedTest"/>
  <testcase name="testAbsoluteValuePositiveNumbers" time="0.022" classname="com.project.maven.calculator_monikas.CalculatorAdvancedTest"/>
  <testcase name="testAbsoluteValueWithZero" time="0.048" classname="com.project.maven.calculator_monikas.CalculatorAdvancedTest"/>
  <testcase name="testRaisedToPowerOf2WithZero" time="0.008" classname="com.project.maven.calculator_monikas.CalculatorAdvancedTest"/>
  <testcase name="testSquareRootPositiveNumbers" time="0.061" classname="com.project.maven.calculator_monikas.CalculatorAdvancedTest"/>
  <testcase name="testRaisedToPowerOf2NegativeNumbers" time="0.015" classname="com.project.maven.calculator_monikas.CalculatorAdvancedTest"/>
  <testcase name="test1DividedByNegativeNumbers" time="0.011" classname="com.project.maven.calculator_monikas.CalculatorAdvancedTest"/>
  <testcase name="testCubeRootPositiveNumbers" time="0.027" classname="com.project.maven.calculator_monikas.CalculatorAdvancedTest"/>
  <testcase name="testRaisedToPowerOf3PositiveNumbers" time="0.009" classname="com.project.maven.calculator_monikas.CalculatorAdvancedTest"/>
  <testcase name="testCubeRooWithZero" time="0.023" classname="com.project.maven.calculator_monikas.CalculatorAdvancedTest"/>
</testsuite> <!-- com.project.maven.calculator_monikas.CalculatorAdvancedTest -->
